android/app/proguard-rules.pro
# Add project specific ProGuard rules here.
# You can control the set of applied configuration files using the
# proguardFiles setting in build.gradle.
#
# For more details, see
#   http://developer.android.com/guide/developing/tools/proguard.html

# Keep WebView JavaScript Interface
-keepclassmembers class kz.anonimka.app.MainActivity$* {
    @android.webkit.JavascriptInterface <methods>;
}

# Keep line numbers for crash reports
-keepattributes SourceFile,LineNumberTable
-renamesourcefileattribute SourceFile

# OkHttp
-dontwarn okhttp3.**
-dontwarn okio.**
-keepnames class okhttp3.internal.publicsuffix.PublicSuffixDatabase

# EncryptedSharedPreferences
-keepclassmembers class * extends androidx.security.crypto.EncryptedSharedPreferences {
    <init>(...);
}