android/app/build/outputs/mapping/release/seeds.txt
kz.anonimka.app.MainActivity
kz.anonimka.app.PinLockActivity
kz.anonimka.app.EmailAuthActivity
kz.anonimka.app.MyFirebaseMessagingService
kz.anonimka.app.MainActivity$onCreate$6: void requestNotificationPermission()
kz.anonimka.app.MyFirebaseMessagingService: MyFirebaseMessagingService()
kz.anonimka.app.MainActivity$onCreate$6: boolean isBiometricAvailable()
kz.anonimka.app.MainActivity: MainActivity()
kz.anonimka.app.MainActivity$onCreate$6: void openBiometricSettings()
kz.anonimka.app.MainActivity$onCreate$6: java.lang.String getAuthMethod()
kz.anonimka.app.MainActivity$onCreate$6: void resetPinCode()
kz.anonimka.app.PinLockActivity: PinLockActivity()
kz.anonimka.app.MainActivity$onCreate$6: void saveAuthData(java.lang.String)
kz.anonimka.app.MainActivity$onCreate$6: java.lang.String getUserToken()
kz.anonimka.app.MainActivity$onCreate$6: void setupPinCode()
kz.anonimka.app.MainActivity$onCreate$6: boolean hasPinCode()
kz.anonimka.app.MainActivity$onCreate$6: boolean isBiometricEnabled()
kz.anonimka.app.EmailAuthActivity: EmailAuthActivity()
kz.anonimka.app.MainActivity$onCreate$6: void openNotificationSettings()
kz.anonimka.app.MainActivity$onCreate$6: boolean isAndroid()
kz.anonimka.app.MainActivity$onCreate$6: java.lang.String getEmail()
kz.anonimka.app.MainActivity$onCreate$6: java.lang.String getAuthData()
kz.anonimka.app.MainActivity$onCreate$6: boolean areNotificationsEnabled()
kz.anonimka.app.MainActivity$onCreate$6: void setBiometricEnabled(boolean)
...
androidx.appcompat.widget.Toolbar: android.widget.TextView getTitleTextView()
com.google.android.material.button.MaterialButton: void setBackgroundTintList(android.content.res.ColorStateList)
androidx.appcompat.widget.AppCompatTextView: void setBackgroundResource(int)
androidx.core.app.NotificationCompatBuilder$Api20Impl: android.app.Notification$Builder setGroupSummary(android.app.Notification$Builder,boolean)
com.google.android.material.textfield.TextInputLayout: android.content.res.ColorStateList getCursorErrorColor()
androidx.biometric.BiometricFragment$Api28Impl: void authenticate(android.hardware.biometrics.BiometricPrompt,android.hardware.biometrics.BiometricPrompt$CryptoObject,android.os.CancellationSignal,java.util.concurrent.Executor,android.hardware.biometrics.BiometricPrompt$AuthenticationCallback)
androidx.appcompat.widget.AppCompatToggleButton: androidx.appcompat.widget.AppCompatEmojiTextHelper getEmojiTextViewHelper()
androidx.cardview.widget.CardView: boolean getPreventCornerOverlap()
com.google.android.material.internal.NavigationMenuItemView: void setActionView(android.view.View)
com.google.android.material.textfield.TextInputLayout: void setEndIconCheckable(boolean)
androidx.core.view.accessibility.AccessibilityNodeInfoCompat$Api30Impl: java.lang.Object createRangeInfo(int,float,float,float)
androidx.lifecycle.EmptyActivityLifecycleCallbacks: void onActivityStopped(android.app.Activity)
androidx.appcompat.widget.AppCompatSpinner: void setAdapter(android.widget.SpinnerAdapter)
androidx.core.view.WindowInsetsCompat$Impl29: WindowInsetsCompat$Impl29(androidx.core.view.WindowInsetsCompat,androidx.core.view.WindowInsetsCompat$Impl29)
com.google.android.material.chip.Chip: void setChipMinHeight(float)
com.google.android.material.chip.Chip: void setChipIcon(android.graphics.drawable.Drawable)
androidx.appcompat.widget.AppCompatEditText: void setSupportCompoundDrawablesTintList(android.content.res.ColorStateList)
androidx.appcompat.widget.ActionBarContextView: void setVisibility(int)
com.google.android.material.textfield.TextInputLayout: int getErrorCurrentTextColors()
androidx.core.view.WindowInsetsCompat$BuilderImpl20: void setSystemWindowInsets(androidx.core.graphics.Insets)
androidx.activity.Api34Impl: android.window.BackEvent createOnBackEvent(float,float,float,int)
androidx.core.view.accessibility.AccessibilityNodeInfoCompat$Api33Impl: android.view.accessibility.AccessibilityNodeInfo$ExtraRenderingInfo getExtraRenderingInfo(android.view.accessibility.AccessibilityNodeInfo)
androidx.datastore.preferences.protobuf.GeneratedMessageLite$MethodToInvoke: androidx.datastore.preferences.protobuf.GeneratedMessageLite$MethodToInvoke[] values()
com.google.android.material.button.MaterialButton: void setIconSize(int)
com.google.android.material.button.MaterialButton: void setIcon(android.graphics.drawable.Drawable)
androidx.vectordrawable.graphics.drawable.VectorDrawableCompat$VGroup: float getTranslateX()
com.google.crypto.tink.KeyTemplate$OutputPrefixType: com.google.crypto.tink.KeyTemplate$OutputPrefixType valueOf(java.lang.String)
com.google.android.material.button.MaterialButton: int getInsetTop()
com.google.android.material.chip.Chip: void setCloseIconContentDescription(java.lang.CharSequence)
androidx.biometric.BiometricFragment$Api28Impl: void setTitle(android.hardware.biometrics.BiometricPrompt$Builder,java.lang.CharSequence)
androidx.constraintlayout.helper.widget.Flow: void setVerticalAlign(int)
com.google.firebase.crashlytics.internal.common.CommonUtils$Architecture: com.google.firebase.crashlytics.internal.common.CommonUtils$Architecture[] values()
com.google.firebase.sessions.FirebaseSessionsRegistrar: java.util.List getComponents()
androidx.constraintlayout.core.widgets.analyzer.DependencyNode$Type: androidx.constraintlayout.core.widgets.analyzer.DependencyNode$Type[] values()
com.google.android.material.chip.Chip: void setChipEndPaddingResource(int)