android/app/build/outputs/mapping/release/usage.txt
kz.anonimka.app.BiometricAuthHelper$BiometricStatus$Available
kz.anonimka.app.BiometricAuthHelper$BiometricStatus$HardwareUnavailable
kz.anonimka.app.BiometricAuthHelper$BiometricStatus$NoHardware
kz.anonimka.app.BiometricAuthHelper$BiometricStatus$NoneEnrolled
kz.anonimka.app.BiometricAuthHelper$BiometricStatus$SecurityUpdateRequired
kz.anonimka.app.BiometricAuthHelper$BiometricStatus$Unknown
kz.anonimka.app.BiometricAuthHelper$BiometricStatus
kz.anonimka.app.BiometricAuthHelper:
    public final kz.anonimka.app.BiometricAuthHelper$BiometricStatus getBiometricStatus()
kz.anonimka.app.BuildConfig
kz.anonimka.app.MainActivity$Companion:
    static synthetic void logError$default(kz.anonimka.app.MainActivity$Companion,java.lang.String,java.lang.String,java.lang.Throwable,int,java.lang.Object)
kz.anonimka.app.MainActivity:
    private static final int EMAIL_AUTH_REQUEST_CODE
    private final void maybeRetryWebLoad(java.lang.String)
    private static final void maybeRetryWebLoad$lambda$0(kz.anonimka.app.MainActivity)
kz.anonimka.app.MyFirebaseMessagingService:
    private static final java.lang.String CHANNEL_ID
    private static final java.lang.String CHANNEL_NAME
    private static final java.lang.String TAG
kz.anonimka.app.R$color:
    public static int black
    public static int colorAccent
    public static int colorPrimary
    public static int colorPrimaryDark
    public static int ic_launcher_background
    public static int purple_200
    public static int splash_background
    public static int teal_700
    public static int white
    private void <init>()
kz.anonimka.app.R$drawable:
    public static int button_primary
    public static int ic_launcher_background
    public static int ic_launcher_foreground
    public static int splash
    public static int splash_background
    private void <init>()
kz.anonimka.app.R$id:
    private void <init>()
kz.anonimka.app.R$layout:
    private void <init>()
kz.anonimka.app.R$mipmap
kz.anonimka.app.R$string
kz.anonimka.app.R$style
kz.anonimka.app.R$xml
kz.anonimka.app.R
kz.anonimka.app.SecurityManager$SecurityStatus:
    public final boolean component1()
    public final boolean component2()
    public final boolean component3()
    public final boolean component4()
    public final kz.anonimka.app.SecurityManager$SecurityStatus copy(boolean,boolean,boolean,boolean)
    public static synthetic kz.anonimka.app.SecurityManager$SecurityStatus copy$default(kz.anonimka.app.SecurityManager$SecurityStatus,boolean,boolean,boolean,boolean,int,java.lang.Object)
    public final boolean getHasCertificatePinning()
    public final boolean isEmulator()
    public final boolean isIntegrityValid()
    public final boolean isSecure()
kz.anonimka.app.SecurityManager:
    private static final java.lang.String ANONIMKA_PIN
    private static final java.lang.String RU_ANONIMKA_PIN
    public final okhttp3.OkHttpClient createSecureOkHttpClient()
kz.anonimka.app.databinding.ActivityEmailAuthBinding
kz.anonimka.app.databinding.ActivityMainBinding
kz.anonimka.app.BiometricAuthHelper$$InternalSyntheticLambda$2$187eae4989dd338b926734158b93bad2de1becfe1bb1783ef84deb7d67d2bd5c$0
kz.anonimka.app.BiometricAuthHelper$Companion
kz.anonimka.app.BiometricAuthHelper:
    public static final kz.anonimka.app.BiometricAuthHelper$Companion Companion
    public final androidx.biometric.BiometricManager biometricManager
    public static synthetic kotlin.Unit $r8$lambda$_S--vG8NUXqmFWfJKkI7LRp59kE()
    static void <clinit>()
    public static void authenticate()
    public static final kotlin.Unit authenticate$lambda$1()
    public static boolean isBiometricAvailable()
kz.anonimka.app.EmailAuthActivity$sendVerificationCode$1$1:
    public int label
    public final java.lang.Object invoke$4()
kz.anonimka.app.EmailAuthActivity$sendVerificationCode$1$2:
    public int label
    public final java.lang.Object invoke$4()
...
androidx.datastore.preferences.protobuf.ExtensionSchemaLite$$InternalSyntheticThrowCCEIfNotNull$85$30b2d5c35521e6544704c637079c55a0910a4c12d4d2207553564023210d211f$0
androidx.datastore.preferences.protobuf.ExtensionSchemaLite$1
androidx.datastore.preferences.protobuf.ExtensionSchemaLite:
    public static int extensionNumber()
    public static java.lang.Object findExtensionByNumber()
    public static androidx.datastore.preferences.protobuf.FieldSet getExtensions()
    public static androidx.datastore.preferences.protobuf.FieldSet getMutableExtensions()
    public static boolean hasExtensions()
    public static void makeImmutable()
    public static java.lang.Object parseExtension()
    public static void parseLengthPrefixedMessageSetItem()
    public static void parseMessageSetItem()
    public static void serializeExtension()
androidx.datastore.preferences.protobuf.ExtensionSchemas:
    public static androidx.datastore.preferences.protobuf.ExtensionSchemaLite full()
    public static androidx.datastore.preferences.protobuf.ExtensionSchemaLite lite()
androidx.datastore.preferences.protobuf.FieldInfo
androidx.datastore.preferences.protobuf.FieldSet$$InternalSyntheticThrowCCEIfNotNull$21$2a304ff24c83803e486d4d7659f8b9a253df2c43d07261e6b3d8235b06f28689$0
androidx.datastore.preferences.protobuf.FieldSet$$InternalSyntheticThrowCCEIfNotNull$33$d6e17a2624f3202cdfab97a88a48132cd813ac78792bb98efc3026a66a56b3b9$0
androidx.datastore.preferences.protobuf.FieldSet$$InternalSyntheticThrowCCEIfNotNull$33$d6e17a2624f3202cdfab97a88a48132cd813ac78792bb98efc3026a66a56b3b9$1
androidx.datastore.preferences.protobuf.FieldSet$$InternalSyntheticThrowCCEIfNotNull$35$9c9b36fdaa7372eea519abead43a2de1eec8106073390dcb8e1e0351de6e77e7$0
androidx.datastore.preferences.protobuf.FieldSet$$InternalSyntheticThrowCCEIfNotNull$37$b56f1e7843a97fadff060602d217a55c8be861562d551059c4d5f209b4f0a481$0
androidx.datastore.preferences.protobuf.FieldSet$$InternalSyntheticThrowCCEIfNotNull$37$b56f1e7843a97fadff060602d217a55c8be861562d551059c4d5f209b4f0a481$1
androidx.datastore.preferences.protobuf.FieldSet$$InternalSyntheticThrowCCEIfNotNull$37$b56f1e7843a97fadff060602d217a55c8be861562d551059c4d5f209b4f0a481$2
androidx.datastore.preferences.protobuf.FieldSet$$InternalSyntheticThrowCCEIfNotNull$37$b56f1e7843a97fadff060602d217a55c8be861562d551059c4d5f209b4f0a481$3
androidx.datastore.preferences.protobuf.FieldSet$$InternalSyntheticThrowCCEIfNotNull$45$026c3d3b1120d906b4a26a0bbaa01cbeee7f08283a9f993c86f62849a411f0fc$0
androidx.datastore.preferences.protobuf.FieldSet$$InternalSyntheticThrowCCEIfNotNull$45$026c3d3b1120d906b4a26a0bbaa01cbeee7f08283a9f993c86f62849a411f0fc$1
androidx.datastore.preferences.protobuf.FieldSet$$InternalSyntheticThrowCCEIfNotNull$68$4356343c62ed729186fe05a668b6b8d6b5aca190094741966cb8bec04c6e7d29$0
androidx.datastore.preferences.protobuf.FieldSet$$InternalSyntheticThrowCCEIfNotNull$68$4356343c62ed729186fe05a668b6b8d6b5aca190094741966cb8bec04c6e7d29$1
androidx.datastore.preferences.protobuf.FieldSet$$InternalSyntheticThrowCCEIfNotNull$68$da7e74b8c47d707c13ba91483b2aaf98bf00fd75eaeef40a3cc92253c93f211c$0
androidx.datastore.preferences.protobuf.FieldSet$$InternalSyntheticThrowCCEIfNotNull$68$da7e74b8c47d707c13ba91483b2aaf98bf00fd75eaeef40a3cc92253c93f211c$1
androidx.datastore.preferences.protobuf.FieldSet$$InternalSyntheticThrowCCEIfNotNull$93$7ac61fd66721836dfa6ff5d2712b24289d572eb1425f0a27386a1552db803d03$0
androidx.datastore.preferences.protobuf.FieldSet$1
androidx.datastore.preferences.protobuf.FieldSet$FieldDescriptorLite